This is pdfTeX, Version 3.141592653-2.6-1.40.25 (TeX Live 2023) (preloaded format=pdflatex 2023.3.23)  3 APR 2023 15:03
entering extended mode
 restricted \write18 enabled.
 file:line:error style messages enabled.
 %&-line parsing enabled.
**"c:/Users/cecih/Desktop/VS Code/Hjemmeopgave 2.09a/Sections/opg6.tex"
(c:/Users/cecih/Desktop/VS Code/Hjemmeopgave 2.09a/Sections/opg6.tex
LaTeX2e <2022-11-01> patch level 1
L3 programming layer <2023-02-22>

c:/Users/cecih/Desktop/VS Code/Hjemmeopgave 2.09a/Sections/opg6.tex:1: LaTeX Error: Environment tcolorbox undefined.

See the LaTeX manual or LaTeX Companion for explanation.
Type  H <return>  for immediate help.
 ...                                              
                                                  
l.1 \begin{tcolorbox}
                     [title=Opgave 6,
Your command was ignored.
Type  I <command> <return>  to replace it with another command,
or  <return>  to continue without it.


c:/Users/cecih/Desktop/VS Code/Hjemmeopgave 2.09a/Sections/opg6.tex:1: LaTeX Error: Missing \begin{document}.

See the LaTeX manual or LaTeX Companion for explanation.
Type  H <return>  for immediate help.
 ...                                              
                                                  
l.1 \begin{tcolorbox}[
                      title=Opgave 6,
You're in trouble here.  Try typing  <return>  to proceed.
If that doesn't work, type  X <return>  to quit.

Missing character: There is no [ in font nullfont!
Missing character: There is no t in font nullfont!
Missing character: There is no i in font nullfont!
Missing character: There is no t in font nullfont!
Missing character: There is no l in font nullfont!
Missing character: There is no e in font nullfont!
Missing character: There is no = in font nullfont!
Missing character: There is no O in font nullfont!
Missing character: There is no p in font nullfont!
Missing character: There is no g in font nullfont!
Missing character: There is no a in font nullfont!
Missing character: There is no v in font nullfont!
Missing character: There is no e in font nullfont!
Missing character: There is no 6 in font nullfont!
Missing character: There is no , in font nullfont!
Missing character: There is no c in font nullfont!
Missing character: There is no o in font nullfont!
Missing character: There is no l in font nullfont!
Missing character: There is no b in font nullfont!
Missing character: There is no a in font nullfont!
Missing character: There is no c in font nullfont!
Missing character: There is no k in font nullfont!
Missing character: There is no = in font nullfont!
Missing character: There is no b in font nullfont!
Missing character: There is no l in font nullfont!
Missing character: There is no u in font nullfont!
Missing character: There is no e in font nullfont!
Missing character: There is no ! in font nullfont!
Missing character: There is no 1 in font nullfont!
Missing character: There is no ! in font nullfont!
Missing character: There is no w in font nullfont!
Missing character: There is no h in font nullfont!
Missing character: There is no i in font nullfont!
Missing character: There is no t in font nullfont!
Missing character: There is no e in font nullfont!
Missing character: There is no , in font nullfont!
Missing character: There is no c in font nullfont!
Missing character: There is no o in font nullfont!
Missing character: There is no l in font nullfont!
Missing character: There is no f in font nullfont!
Missing character: There is no r in font nullfont!
Missing character: There is no a in font nullfont!
Missing character: There is no m in font nullfont!
Missing character: There is no e in font nullfont!
Missing character: There is no = in font nullfont!
Missing character: There is no b in font nullfont!
Missing character: There is no l in font nullfont!
Missing character: There is no a in font nullfont!
Missing character: There is no c in font nullfont!
Missing character: There is no k in font nullfont!
Missing character: There is no , in font nullfont!
Missing character: There is no c in font nullfont!
Missing character: There is no o in font nullfont!
Missing character: There is no l in font nullfont!
Missing character: There is no b in font nullfont!
Missing character: There is no a in font nullfont!
Missing character: There is no c in font nullfont!
Missing character: There is no k in font nullfont!
Missing character: There is no t in font nullfont!
Missing character: There is no i in font nullfont!
Missing character: There is no t in font nullfont!
Missing character: There is no l in font nullfont!
Missing character: There is no e in font nullfont!
Missing character: There is no = in font nullfont!
Missing character: There is no b in font nullfont!
Missing character: There is no l in font nullfont!
Missing character: There is no u in font nullfont!
Missing character: There is no e in font nullfont!
Missing character: There is no ! in font nullfont!
Missing character: There is no 2 in font nullfont!
Missing character: There is no 5 in font nullfont!
Missing character: There is no ! in font nullfont!
Missing character: There is no w in font nullfont!
Missing character: There is no h in font nullfont!
Missing character: There is no i in font nullfont!
Missing character: There is no t in font nullfont!
Missing character: There is no e in font nullfont!
Missing character: There is no , in font nullfont!
Missing character: There is no c in font nullfont!
Missing character: There is no o in font nullfont!
Missing character: There is no l in font nullfont!
Missing character: There is no t in font nullfont!
Missing character: There is no i in font nullfont!
Missing character: There is no t in font nullfont!
Missing character: There is no l in font nullfont!
Missing character: There is no e in font nullfont!
Missing character: There is no = in font nullfont!
Missing character: There is no r in font nullfont!
Missing character: There is no e in font nullfont!
Missing character: There is no d in font nullfont!
Missing character: There is no ! in font nullfont!
Missing character: There is no 2 in font nullfont!
Missing character: There is no 5 in font nullfont!
Missing character: There is no ! in font nullfont!
Missing character: There is no b in font nullfont!
Missing character: There is no l in font nullfont!
Missing character: There is no a in font nullfont!
Missing character: There is no c in font nullfont!
Missing character: There is no k in font nullfont!
Missing character: There is no , in font nullfont!
Missing character: There is no f in font nullfont!
Missing character: There is no o in font nullfont!
Missing character: There is no n in font nullfont!
Missing character: There is no t in font nullfont!
Missing character: There is no t in font nullfont!
Missing character: There is no i in font nullfont!
Missing character: There is no t in font nullfont!
Missing character: There is no l in font nullfont!
Missing character: There is no e in font nullfont!
Missing character: There is no = in font nullfont!
c:/Users/cecih/Desktop/VS Code/Hjemmeopgave 2.09a/Sections/opg6.tex:9: Undefined control sequence.
l.9     \tcbsubtitle
                    {6a}
The control sequence at the end of the top line
of your error message was never \def'ed. If you have
misspelled it (e.g., `\hobx'), type `I' and the correct
spelling (e.g., `I\hbox'). Otherwise just continue,
and I'll forget about whatever was undefined.

c:/Users/cecih/Desktop/VS Code/Hjemmeopgave 2.09a/Sections/opg6.tex:11: Undefined control sequence.
l.11     \tcbsubtitle
                     {6b}
The control sequence at the end of the top line
of your error message was never \def'ed. If you have
misspelled it (e.g., `\hobx'), type `I' and the correct
spelling (e.g., `I\hbox'). Otherwise just continue,
and I'll forget about whatever was undefined.

LaTeX Font Info:    External font `cmex10' loaded for size
(Font)              <7> on input line 12.
LaTeX Font Info:    External font `cmex10' loaded for size
(Font)              <5> on input line 12.

Overfull \hbox (20.0pt too wide) in paragraph at lines 1--14
[]
 []


Overfull \hbox (3.19443pt too wide) in paragraph at lines 1--14
\OT1/cmr/bx/n/10 ,
 []


Overfull \hbox (21.1471pt too wide) in paragraph at lines 1--14
\OT1/cmr/bx/n/10 sub-
 []


Overfull \hbox (11.49994pt too wide) in paragraph at lines 1--14
\OT1/cmr/bx/n/10 ti-
 []


Overfull \hbox (12.93744pt too wide) in paragraph at lines 1--14
\OT1/cmr/bx/n/10 tle
 []


Overfull \hbox (107.66055pt too wide) in paragraph at lines 1--14
\OT1/cmr/bx/n/10 style=boxrule=0.4pt,
 []


Overfull \hbox (17.8888pt too wide) in paragraph at lines 1--14
\OT1/cmr/bx/n/10 col-
 []


Overfull \hbox (93.40923pt too wide) in paragraph at lines 1--14
\OT1/cmr/bx/n/10 back=blue!7!white
 []


Overfull \hbox (3.19443pt too wide) in paragraph at lines 1--14
\OT1/cmr/bx/n/10 ]
 []


Overfull \hbox (11.3402pt too wide) in paragraph at lines 1--14
\OT1/cmr/bx/n/10 6a
 []


Overfull \hbox (25.05544pt too wide) in paragraph at lines 1--14
\OT1/cmr/bx/n/10 Brug
 []


Overfull \hbox (43.92336pt too wide) in paragraph at lines 1--14
\OT1/cmr/bx/n/10 pythago-
 []


Overfull \hbox (14.8624pt too wide) in paragraph at lines 1--14
\OT1/cmr/bx/n/10 ras
 []


Overfull \hbox (21.1471pt too wide) in paragraph at lines 1--14
\OT1/cmr/bx/n/10 s^^Zt-
 []


Overfull \hbox (21.7221pt too wide) in paragraph at lines 1--14
\OT1/cmr/bx/n/10 ning
 []


Overfull \hbox (9.1041pt too wide) in paragraph at lines 1--14
\OT1/cmr/bx/n/10 af
 []


Overfull \hbox (5.74997pt too wide) in paragraph at lines 1--14
\OT1/cmr/bx/n/10 2
 []


Overfull \hbox (19.16656pt too wide) in paragraph at lines 1--14
\OT1/cmr/bx/n/10 om-
 []


Overfull \hbox (31.94426pt too wide) in paragraph at lines 1--14
\OT1/cmr/bx/n/10 gange.
 []


Overfull \hbox (12.13882pt too wide) in paragraph at lines 1--14
\OT1/cmr/bx/n/10 6b
 []


Overfull \hbox (11.88882pt too wide) in paragraph at lines 1--14
\OT1/cmr/bx/n/10 Vi
 []


Overfull \hbox (17.40964pt too wide) in paragraph at lines 1--14
\OT1/cmr/bx/n/10 ved
 []


Overfull \hbox (10.06242pt too wide) in paragraph at lines 1--14
\OT1/cmr/bx/n/10 at
 []


Overfull \hbox (16.61102pt too wide) in paragraph at lines 1--14
\OT1/cmr/bx/n/10 lin-
 []


Overfull \hbox (15.17354pt too wide) in paragraph at lines 1--14
\OT1/cmr/bx/n/10 jen
 []


Overfull \hbox (3.18057pt too wide) in paragraph at lines 1--14
\OML/cmm/m/it/10 l$
 []


Overfull \hbox (16.0763pt too wide) in paragraph at lines 1--14
\OT1/cmr/bx/n/10 g^^War
 []


Overfull \hbox (24.43738pt too wide) in paragraph at lines 1--14
\OT1/cmr/bx/n/10 igen-
 []


Overfull \hbox (21.24295pt too wide) in paragraph at lines 1--14
\OT1/cmr/bx/n/10 nem
 []


Overfull \hbox (29.06929pt too wide) in paragraph at lines 1--14
\OT1/cmr/bx/n/10 punk-
 []


Overfull \hbox (26.13878pt too wide) in paragraph at lines 1--14
\OT1/cmr/bx/n/10 terne
 []


Overfull \hbox (7.50002pt too wide) in paragraph at lines 1--14
\OML/cmm/m/it/10 A$
 []


Overfull \hbox (11.49994pt too wide) in paragraph at lines 1--14
\OT1/cmr/bx/n/10 og
 []


Overfull \hbox (11.05692pt too wide) in paragraph at lines 1--14
\OML/cmm/m/it/10 C$\OT1/cmr/bx/n/10 . 
 []


Overfull \hbox (16.76381pt too wide) in paragraph at lines 1--14
\OT1/cmr/bx/n/10 For
 []


Overfull \hbox (10.06242pt too wide) in paragraph at lines 1--14
\OT1/cmr/bx/n/10 at
 []


Overfull \hbox (50.69557pt too wide) in paragraph at lines 1--14
\OT1/cmr/bx/n/10 bestemme
 []


Overfull \hbox (11.65967pt too wide) in paragraph at lines 1--14
\OT1/cmr/bx/n/10 en
 []


Overfull \hbox (15.8124pt too wide) in paragraph at lines 1--14
\OT1/cmr/bx/n/10 pa-
 []


Overfull \hbox (23.74292pt too wide) in paragraph at lines 1--14
\OT1/cmr/bx/n/10 ram-
 []


Overfull \hbox (9.10413pt too wide) in paragraph at lines 1--14
\OT1/cmr/bx/n/10 e-
 []


Overfull \hbox (18.31242pt too wide) in paragraph at lines 1--14
\OT1/cmr/bx/n/10 ter-
 []


Overfull \hbox (26.93738pt too wide) in paragraph at lines 1--14
\OT1/cmr/bx/n/10 frem-
 []


Overfull \hbox (22.42487pt too wide) in paragraph at lines 1--14
\OT1/cmr/bx/n/10 still-
 []


Overfull \hbox (15.33325pt too wide) in paragraph at lines 1--14
\OT1/cmr/bx/n/10 ing
 []


Overfull \hbox (13.99994pt too wide) in paragraph at lines 1--14
\OT1/cmr/bx/n/10 for
 []


Overfull \hbox (16.61102pt too wide) in paragraph at lines 1--14
\OT1/cmr/bx/n/10 lin-
 []


Overfull \hbox (15.17354pt too wide) in paragraph at lines 1--14
\OT1/cmr/bx/n/10 jen
 []


Overfull \hbox (3.18057pt too wide) in paragraph at lines 1--14
\OML/cmm/m/it/10 l$
 []


Overfull \hbox (39.67479pt too wide) in paragraph at lines 1--14
\OT1/cmr/bx/n/10 bestem-
 []


Overfull \hbox (19.5902pt too wide) in paragraph at lines 1--14
\OT1/cmr/bx/n/10 mer
 []


Overfull \hbox (14.53465pt too wide) in paragraph at lines 1--14
\OT1/cmr/bx/n/10 jeg
 []


Overfull \hbox (20.92351pt too wide) in paragraph at lines 1--14
\OT1/cmr/bx/n/10 vek-
 []


Overfull \hbox (26.61794pt too wide) in paragraph at lines 1--14
\OT1/cmr/bx/n/10 toren
 []


Overfull \hbox (16.39577pt too wide) in paragraph at lines 1--14
\OT1/cmr/bx/n/10 der
 []


Overfull \hbox (16.0763pt too wide) in paragraph at lines 1--14
\OT1/cmr/bx/n/10 g^^War
 []


Overfull \hbox (13.8402pt too wide) in paragraph at lines 1--14
\OT1/cmr/bx/n/10 fra
 []


Overfull \hbox (7.50002pt too wide) in paragraph at lines 1--14
\OML/cmm/m/it/10 A$
 []


Overfull \hbox (10.86105pt too wide) in paragraph at lines 1--14
\OT1/cmr/bx/n/10 til
 []


Overfull \hbox (7.86249pt too wide) in paragraph at lines 1--14
\OML/cmm/m/it/10 C$
 []


Overfull \hbox (11.49994pt too wide) in paragraph at lines 1--14
\OT1/cmr/bx/n/10 og
 []


Overfull \hbox (24.50125pt too wide) in paragraph at lines 1--14
\OT1/cmr/bx/n/10 sted-
 []


Overfull \hbox (20.92351pt too wide) in paragraph at lines 1--14
\OT1/cmr/bx/n/10 vek-
 []


Overfull \hbox (26.61794pt too wide) in paragraph at lines 1--14
\OT1/cmr/bx/n/10 toren
 []


Overfull \hbox (10.86105pt too wide) in paragraph at lines 1--14
\OT1/cmr/bx/n/10 til
 []


Overfull \hbox (10.69444pt too wide) in paragraph at lines 1--14
\OML/cmm/m/it/10 A$\OT1/cmr/bx/n/10 . 
 []


Overfull \hbox (81.7075pt too wide) detected at line 14
[] [] \OML/cmm/m/it/10 y[] z \OT1/cmr/m/n/10 = [] + \OML/cmm/m/it/10 t \OMS/cmsy/m/n/10 ^^A []
 []

c:/Users/cecih/Desktop/VS Code/Hjemmeopgave 2.09a/Sections/opg6.tex:16: Undefined control sequence.
l.16     \tcbsubtitle
                     {6c}
The control sequence at the end of the top line
of your error message was never \def'ed. If you have
misspelled it (e.g., `\hobx'), type `I' and the correct
spelling (e.g., `I\hbox'). Otherwise just continue,
and I'll forget about whatever was undefined.


Overfull \hbox (10.00023pt too wide) in paragraph at lines 14--19
$[]$
 []


Overfull \hbox (15.8124pt too wide) in paragraph at lines 14--19
\OT1/cmr/bx/n/10 an-
 []


Overfull \hbox (24.70128pt too wide) in paragraph at lines 14--19
\OT1/cmr/bx/n/10 giver
 []


Overfull \hbox (24.1179pt too wide) in paragraph at lines 14--19
\OT1/cmr/bx/n/10 plac-
 []


Overfull \hbox (23.42351pt too wide) in paragraph at lines 14--19
\OT1/cmr/bx/n/10 erin-
 []


Overfull \hbox (17.40964pt too wide) in paragraph at lines 14--19
\OT1/cmr/bx/n/10 gen
 []


Overfull \hbox (3.19443pt too wide) in paragraph at lines 14--19
\OT1/cmr/bx/n/10 i
 []


Overfull \hbox (16.13187pt too wide) in paragraph at lines 14--19
\OT1/cmr/bx/n/10 det
 []


Overfull \hbox (24.70128pt too wide) in paragraph at lines 14--19
\OT1/cmr/bx/n/10 tred-
 []


Overfull \hbox (7.02774pt too wide) in paragraph at lines 14--19
\OT1/cmr/bx/n/10 i-
 []


Overfull \hbox (25.07626pt too wide) in paragraph at lines 14--19
\OT1/cmr/bx/n/10 men-
 []


Overfull \hbox (36.7998pt too wide) in paragraph at lines 14--19
\OT1/cmr/bx/n/10 sionelle
 []


Overfull \hbox (19.59016pt too wide) in paragraph at lines 14--19
\OT1/cmr/bx/n/10 kar-
 []


Overfull \hbox (36.2248pt too wide) in paragraph at lines 14--19
\OT1/cmr/bx/n/10 tiesiske
 []


Overfull \hbox (15.33325pt too wide) in paragraph at lines 14--19
\OT1/cmr/bx/n/10 ko-
 []


Overfull \hbox (14.31938pt too wide) in paragraph at lines 14--19
\OT1/cmr/bx/n/10 or-
 []


Overfull \hbox (32.26367pt too wide) in paragraph at lines 14--19
\OT1/cmr/bx/n/10 danat-
 []


Overfull \hbox (18.97487pt too wide) in paragraph at lines 14--19
\OT1/cmr/bx/n/10 sys-
 []


Overfull \hbox (22.52072pt too wide) in paragraph at lines 14--19
\OT1/cmr/bx/n/10 tem.
 []


Overfull \hbox (27.11235pt too wide) in paragraph at lines 14--19
\OT1/cmr/bx/n/10 Mens
 []


Overfull \hbox (15.3625pt too wide) in paragraph at lines 14--19
[]$
 []


Overfull \hbox (15.8124pt too wide) in paragraph at lines 14--19
\OT1/cmr/bx/n/10 an-
 []


Overfull \hbox (24.70128pt too wide) in paragraph at lines 14--19
\OT1/cmr/bx/n/10 giver
 []


Overfull \hbox (18.31242pt too wide) in paragraph at lines 14--19
\OT1/cmr/bx/n/10 ret-
 []


Overfull \hbox (19.80545pt too wide) in paragraph at lines 14--19
\OT1/cmr/bx/n/10 nin-
 []


Overfull \hbox (17.40964pt too wide) in paragraph at lines 14--19
\OT1/cmr/bx/n/10 gen
 []


Overfull \hbox (11.49994pt too wide) in paragraph at lines 14--19
\OT1/cmr/bx/n/10 og
 []


Overfull \hbox (3.61111pt too wide) in paragraph at lines 14--19
\OML/cmm/m/it/10 t$
 []


Overfull \hbox (30.77902pt too wide) in paragraph at lines 14--19
\OT1/cmr/bx/n/10 s^^\rger
 []


Overfull \hbox (13.99994pt too wide) in paragraph at lines 14--19
\OT1/cmr/bx/n/10 for
 []


Overfull \hbox (10.06242pt too wide) in paragraph at lines 14--19
\OT1/cmr/bx/n/10 at
 []


Overfull \hbox (9.26384pt too wide) in paragraph at lines 14--19
\OT1/cmr/bx/n/10 vi
 []


Overfull \hbox (23.74292pt too wide) in paragraph at lines 14--19
\OT1/cmr/bx/n/10 ram-
 []


Overfull \hbox (19.5902pt too wide) in paragraph at lines 14--19
\OT1/cmr/bx/n/10 mer
 []


Overfull \hbox (17.2499pt too wide) in paragraph at lines 14--19
\OT1/cmr/bx/n/10 alle
 []


Overfull \hbox (29.06929pt too wide) in paragraph at lines 14--19
\OT1/cmr/bx/n/10 punk-
 []


Overfull \hbox (17.67354pt too wide) in paragraph at lines 14--19
\OT1/cmr/bx/n/10 ter.
 []


Overfull \hbox (10.86105pt too wide) in paragraph at lines 14--19
\OT1/cmr/bx/n/10 6c
 []


Overfull \hbox (26.73041pt too wide) in paragraph at lines 14--19
\OT1/cmr/bx/n/10 F^^\rst
 []


Overfull \hbox (39.67479pt too wide) in paragraph at lines 14--19
\OT1/cmr/bx/n/10 bestem-
 []


Overfull \hbox (19.5902pt too wide) in paragraph at lines 14--19
\OT1/cmr/bx/n/10 mer
 []


Overfull \hbox (14.53465pt too wide) in paragraph at lines 14--19
\OT1/cmr/bx/n/10 jeg
 []


Overfull \hbox (11.65967pt too wide) in paragraph at lines 14--19
\OT1/cmr/bx/n/10 en
 []


Overfull \hbox (18.31242pt too wide) in paragraph at lines 14--19
\OT1/cmr/bx/n/10 ret-
 []


Overfull \hbox (47.18169pt too wide) in paragraph at lines 14--19
\OT1/cmr/bx/n/10 ningsvek-
 []


Overfull \hbox (14.95827pt too wide) in paragraph at lines 14--19
\OT1/cmr/bx/n/10 tor
 []


Overfull \hbox (13.99994pt too wide) in paragraph at lines 14--19
\OT1/cmr/bx/n/10 for
 []


Overfull \hbox (21.5624pt too wide) in paragraph at lines 14--19
\OT1/cmr/bx/n/10 linje
 []


Overfull \hbox (3.18057pt too wide) in paragraph at lines 14--19
\OML/cmm/m/it/10 l$
 []


Overfull \hbox (11.49994pt too wide) in paragraph at lines 14--19
\OT1/cmr/bx/n/10 og
 []


Overfull \hbox (11.97456pt too wide) in paragraph at lines 14--19
\OML/cmm/m/it/10 m$\OT1/cmr/bx/n/10 . 
 []


Overfull \hbox (42.0901pt too wide) in paragraph at lines 14--19
\OT1/cmr/bx/n/10 Derefter
 []


Overfull \hbox (32.42345pt too wide) in paragraph at lines 14--19
\OT1/cmr/bx/n/10 benyt-
 []


Overfull \hbox (14.47911pt too wide) in paragraph at lines 14--19
\OT1/cmr/bx/n/10 ter
 []


Overfull \hbox (14.53465pt too wide) in paragraph at lines 14--19
\OT1/cmr/bx/n/10 jeg
 []


Overfull \hbox (23.5429pt too wide) in paragraph at lines 14--19
\OT1/cmr/bx/n/10 sam-
 []


Overfull \hbox (25.07626pt too wide) in paragraph at lines 14--19
\OT1/cmr/bx/n/10 men-
 []


Overfull \hbox (24.91653pt too wide) in paragraph at lines 14--19
\OT1/cmr/bx/n/10 h^^Zn-
 []


Overfull \hbox (17.40964pt too wide) in paragraph at lines 14--19
\OT1/cmr/bx/n/10 gen
 []


Overfull \hbox (21.24295pt too wide) in paragraph at lines 14--19
\OT1/cmr/bx/n/10 med
 []


Overfull \hbox (41.09703pt too wide) in paragraph at lines 14--19
\OT1/cmr/bx/n/10 prikpro-
 []


Overfull \hbox (22.68044pt too wide) in paragraph at lines 14--19
\OT1/cmr/bx/n/10 duk-
 []


Overfull \hbox (14.21521pt too wide) in paragraph at lines 14--19
\OT1/cmr/bx/n/10 tet
 []


Overfull \hbox (9.1041pt too wide) in paragraph at lines 14--19
\OT1/cmr/bx/n/10 af
 []


Overfull \hbox (10.22217pt too wide) in paragraph at lines 14--19
\OT1/cmr/bx/n/10 to
 []


Overfull \hbox (20.92351pt too wide) in paragraph at lines 14--19
\OT1/cmr/bx/n/10 vek-
 []


Overfull \hbox (24.96518pt too wide) in paragraph at lines 14--19
\OT1/cmr/bx/n/10 torer
 []


Overfull \hbox (11.49994pt too wide) in paragraph at lines 14--19
\OT1/cmr/bx/n/10 og
 []


Overfull \hbox (19.48601pt too wide) in paragraph at lines 14--19
\OT1/cmr/bx/n/10 vin-
 []


Overfull \hbox (20.92351pt too wide) in paragraph at lines 14--19
\OT1/cmr/bx/n/10 klen
 []


Overfull \hbox (39.29147pt too wide) in paragraph at lines 14--19
\OT1/cmr/bx/n/10 imellem
 []


Overfull \hbox (24.43738pt too wide) in paragraph at lines 14--19
\OT1/cmr/bx/n/10 dem: 
 []


c:/Users/cecih/Desktop/VS Code/Hjemmeopgave 2.09a/Sections/opg6.tex:19: LaTeX Error: The font size command \normalsize is not defined:
               there is probably something wrong with the class file.

See the LaTeX manual or LaTeX Companion for explanation.
Type  H <return>  for immediate help.
 ...                                              
                                                  
l.19         \[
               \overrightarrow{a}\bullet \overrightarrow{b}=\left|\overright...
Your command was ignored.
Type  I <command> <return>  to replace it with another command,
or  <return>  to continue without it.

[1{c:/texlive/2023/texmf-var/fonts/map/pdftex/updmap/pdftex.map}]
c:/Users/cecih/Desktop/VS Code/Hjemmeopgave 2.09a/Sections/opg6.tex:19: Undefined control sequence.
l.19 ...\left|\overrightarrow{b}\right|\cdot \text
                                                  {cos}(v)\]
The control sequence at the end of the top line
of your error message was never \def'ed. If you have
misspelled it (e.g., `\hobx'), type `I' and the correct
spelling (e.g., `I\hbox'). Otherwise just continue,
and I'll forget about whatever was undefined.


Overfull \hbox (102.95805pt too wide) detected at line 19
[] \OMS/cmsy/m/n/10 ^^O [] \OT1/cmr/m/n/10 = [] \OMS/cmsy/m/n/10 ^^A [] ^^A []\OT1/cmr/m/n/10 (\OML/cmm/m/it/10 v\OT1/cmr/m/n/10 )
 []

c:/Users/cecih/Desktop/VS Code/Hjemmeopgave 2.09a/Sections/opg6.tex:21: Undefined control sequence.
l.21     \tcbsubtitle
                     {6d}
The control sequence at the end of the top line
of your error message was never \def'ed. If you have
misspelled it (e.g., `\hobx'), type `I' and the correct
spelling (e.g., `I\hbox'). Otherwise just continue,
and I'll forget about whatever was undefined.


Overfull \hbox (16.9652pt too wide) in paragraph at lines 19--23
\OT1/cmr/bx/n/10 Jeg
 []


Overfull \hbox (20.50821pt too wide) in paragraph at lines 19--23
\OT1/cmr/bx/n/10 isol-
 []


Overfull \hbox (20.01382pt too wide) in paragraph at lines 19--23
\OT1/cmr/bx/n/10 erer
 []


Overfull \hbox (9.26384pt too wide) in paragraph at lines 19--23
\OT1/cmr/bx/n/10 v.
 []


Overfull \hbox (12.13882pt too wide) in paragraph at lines 19--23
\OT1/cmr/bx/n/10 6d
 []


Overfull \hbox (11.88882pt too wide) in paragraph at lines 19--23
\OT1/cmr/bx/n/10 Vi
 []


Overfull \hbox (39.67479pt too wide) in paragraph at lines 19--23
\OT1/cmr/bx/n/10 bestem-
 []


Overfull \hbox (19.5902pt too wide) in paragraph at lines 19--23
\OT1/cmr/bx/n/10 mer
 []


Overfull \hbox (34.1248pt too wide) in paragraph at lines 19--23
\OT1/cmr/bx/n/10 arealet
 []


Overfull \hbox (9.1041pt too wide) in paragraph at lines 19--23
\OT1/cmr/bx/n/10 af
 []


Overfull \hbox (35.72203pt too wide) in paragraph at lines 19--23
\OT1/cmr/bx/n/10 trekan-
 []


Overfull \hbox (16.13187pt too wide) in paragraph at lines 19--23
\OT1/cmr/bx/n/10 ten
 []


Overfull \hbox (23.44931pt too wide) in paragraph at lines 19--23
\OML/cmm/m/it/10 ABC$
 []


Overfull \hbox (20.60406pt too wide) in paragraph at lines 19--23
\OT1/cmr/bx/n/10 ved: 
 []


Overfull \hbox (95.12694pt too wide) detected at line 23
\OML/cmm/m/it/10 A[] \OT1/cmr/m/n/10 = [] \OMS/cmsy/m/n/10 ^^A []
 []

c:/Users/cecih/Desktop/VS Code/Hjemmeopgave 2.09a/Sections/opg6.tex:24: Undefined control sequence.
l.24 ...left|\overrightarrow{b} \right|\cdot \text
                                                  {sin}(v)\), det vi genkend...
The control sequence at the end of the top line
of your error message was never \def'ed. If you have
misspelled it (e.g., `\hobx'), type `I' and the correct
spelling (e.g., `I\hbox'). Otherwise just continue,
and I'll forget about whatever was undefined.


c:/Users/cecih/Desktop/VS Code/Hjemmeopgave 2.09a/Sections/opg6.tex:25: LaTeX Error: \begin{document} ended by \end{tcolorbox}.

See the LaTeX manual or LaTeX Companion for explanation.
Type  H <return>  for immediate help.
 ...                                              
                                                  
l.25 \end{tcolorbox}
                    
Your command was ignored.
Type  I <command> <return>  to replace it with another command,
or  <return>  to continue without it.

)
! Emergency stop.
<*> ... Code/Hjemmeopgave 2.09a/Sections/opg6.tex"
                                                  
*** (job aborted, no legal \end found)

 
Here is how much of TeX's memory you used:
 27 strings out of 476025
 649 string characters out of 5794015
 1857382 words of memory out of 5000000
 20576 multiletter control sequences out of 15000+600000
 512595 words of font info for 33 fonts, out of 8000000 for 9000
 1141 hyphenation exceptions out of 8191
 24i,13n,23p,317b,144s stack positions out of 10000i,1000n,20000p,200000b,200000s
!  ==> Fatal error occurred, no output PDF file produced!
